{"/Users/celesteoriana/Documents/twitter-backend/node/express-prisma-typescript/src/domains/auth/service/auth.service.impl.ts": {"path":"/Users/celesteoriana/Documents/twitter-backend/node/express-prisma-typescript/src/domains/auth/service/auth.service.impl.ts","statementMap":{"0":{"start":{"line":1,"column":0},"end":{"line":1,"column":null}},"1":{"start":{"line":7,"column":0},"end":{"line":7,"column":null}},"2":{"start":{"line":15,"column":0},"end":{"line":15,"column":68}},"3":{"start":{"line":19,"column":21},"end":{"line":19,"column":48}},"4":{"start":{"line":24,"column":4},"end":{"line":46,"column":null}},"5":{"start":{"line":27,"column":6},"end":{"line":31,"column":null}},"6":{"start":{"line":28,"column":8},"end":{"line":28,"column":null}},"7":{"start":{"line":30,"column":8},"end":{"line":30,"column":null}},"8":{"start":{"line":30,"column":48},"end":{"line":30,"column":null}},"9":{"start":{"line":33,"column":6},"end":{"line":33,"column":null}},"10":{"start":{"line":33,"column":24},"end":{"line":33,"column":null}},"11":{"start":{"line":35,"column":32},"end":{"line":35,"column":68}},"12":{"start":{"line":36,"column":19},"end":{"line":36,"column":94}},"13":{"start":{"line":37,"column":20},"end":{"line":37,"column":60}},"14":{"start":{"line":38,"column":6},"end":{"line":38,"column":null}},"15":{"start":{"line":41,"column":6},"end":{"line":41,"column":null}},"16":{"start":{"line":43,"column":6},"end":{"line":43,"column":null}},"17":{"start":{"line":43,"column":46},"end":{"line":43,"column":null}},"18":{"start":{"line":44,"column":6},"end":{"line":44,"column":null}},"19":{"start":{"line":44,"column":46},"end":{"line":44,"column":null}},"20":{"start":{"line":45,"column":6},"end":{"line":45,"column":null}},"21":{"start":{"line":50,"column":4},"end":{"line":63,"column":null}},"22":{"start":{"line":51,"column":19},"end":{"line":51,"column":93}},"23":{"start":{"line":53,"column":32},"end":{"line":53,"column":81}},"24":{"start":{"line":54,"column":6},"end":{"line":54,"column":null}},"25":{"start":{"line":54,"column":30},"end":{"line":54,"column":null}},"26":{"start":{"line":56,"column":20},"end":{"line":56,"column":60}},"27":{"start":{"line":57,"column":6},"end":{"line":57,"column":null}},"28":{"start":{"line":59,"column":6},"end":{"line":59,"column":null}},"29":{"start":{"line":60,"column":6},"end":{"line":60,"column":null}},"30":{"start":{"line":60,"column":46},"end":{"line":60,"column":null}},"31":{"start":{"line":61,"column":6},"end":{"line":61,"column":null}},"32":{"start":{"line":61,"column":50},"end":{"line":61,"column":null}},"33":{"start":{"line":62,"column":6},"end":{"line":62,"column":null}},"34":{"start":{"line":17,"column":0},"end":{"line":17,"column":13}}},"fnMap":{"0":{"name":"(anonymous_0)","decl":{"start":{"line":18,"column":2},"end":{"line":18,"column":null}},"loc":{"start":{"line":19,"column":69},"end":{"line":20,"column":6}}},"1":{"name":"(anonymous_1)","decl":{"start":{"line":22,"column":2},"end":{"line":22,"column":7}},"loc":{"start":{"line":22,"column":36},"end":{"line":47,"column":3}}},"2":{"name":"(anonymous_2)","decl":{"start":{"line":49,"column":2},"end":{"line":49,"column":7}},"loc":{"start":{"line":49,"column":34},"end":{"line":64,"column":3}}}},"branchMap":{"0":{"loc":{"start":{"line":19,"column":21},"end":{"line":19,"column":69}},"type":"default-arg","locations":[{"start":{"line":19,"column":48},"end":{"line":19,"column":69}}]},"1":{"loc":{"start":{"line":30,"column":8},"end":{"line":30,"column":null}},"type":"if","locations":[{"start":{"line":30,"column":8},"end":{"line":30,"column":null}}]},"2":{"loc":{"start":{"line":33,"column":6},"end":{"line":33,"column":null}},"type":"if","locations":[{"start":{"line":33,"column":6},"end":{"line":33,"column":null}}]},"3":{"loc":{"start":{"line":43,"column":6},"end":{"line":43,"column":null}},"type":"if","locations":[{"start":{"line":43,"column":6},"end":{"line":43,"column":null}}]},"4":{"loc":{"start":{"line":44,"column":6},"end":{"line":44,"column":null}},"type":"if","locations":[{"start":{"line":44,"column":6},"end":{"line":44,"column":null}}]},"5":{"loc":{"start":{"line":54,"column":6},"end":{"line":54,"column":null}},"type":"if","locations":[{"start":{"line":54,"column":6},"end":{"line":54,"column":null}}]},"6":{"loc":{"start":{"line":60,"column":6},"end":{"line":60,"column":null}},"type":"if","locations":[{"start":{"line":60,"column":6},"end":{"line":60,"column":null}}]},"7":{"loc":{"start":{"line":61,"column":6},"end":{"line":61,"column":null}},"type":"if","locations":[{"start":{"line":61,"column":6},"end":{"line":61,"column":null}}]}},"s":{"0":1,"1":1,"2":1,"3":1,"4":2,"5":2,"6":2,"7":1,"8":1,"9":2,"10":1,"11":1,"12":1,"13":1,"14":1,"15":1,"16":1,"17":0,"18":1,"19":1,"20":0,"21":3,"22":3,"23":2,"24":2,"25":1,"26":1,"27":1,"28":2,"29":2,"30":0,"31":2,"32":1,"33":1,"34":1},"f":{"0":1,"1":2,"2":3},"b":{"0":[0],"1":[1],"2":[1],"3":[0],"4":[1],"5":[1],"6":[0],"7":[1]}}
,"/Users/celesteoriana/Documents/twitter-backend/node/express-prisma-typescript/src/domains/chat/service/chat.service.impl.ts": {"path":"/Users/celesteoriana/Documents/twitter-backend/node/express-prisma-typescript/src/domains/chat/service/chat.service.impl.ts","statementMap":{"0":{"start":{"line":1,"column":0},"end":{"line":1,"column":67}},"1":{"start":{"line":4,"column":0},"end":{"line":4,"column":98}},"2":{"start":{"line":5,"column":0},"end":{"line":5,"column":75}},"3":{"start":{"line":9,"column":0},"end":{"line":9,"column":69}},"4":{"start":{"line":14,"column":25},"end":{"line":14,"column":58}},"5":{"start":{"line":15,"column":25},"end":{"line":15,"column":56}},"6":{"start":{"line":16,"column":25},"end":{"line":16,"column":53}},"7":{"start":{"line":20,"column":8},"end":{"line":35,"column":null}},"8":{"start":{"line":21,"column":30},"end":{"line":21,"column":85}},"9":{"start":{"line":22,"column":12},"end":{"line":22,"column":70}},"10":{"start":{"line":22,"column":28},"end":{"line":22,"column":70}},"11":{"start":{"line":24,"column":33},"end":{"line":24,"column":92}},"12":{"start":{"line":25,"column":12},"end":{"line":25,"column":50}},"13":{"start":{"line":25,"column":30},"end":{"line":25,"column":50}},"14":{"start":{"line":27,"column":33},"end":{"line":27,"column":94}},"15":{"start":{"line":28,"column":12},"end":{"line":28,"column":75}},"16":{"start":{"line":28,"column":30},"end":{"line":28,"column":75}},"17":{"start":{"line":30,"column":12},"end":{"line":30,"column":77}},"18":{"start":{"line":32,"column":12},"end":{"line":32,"column":null}},"19":{"start":{"line":32,"column":52},"end":{"line":32,"column":null}},"20":{"start":{"line":33,"column":12},"end":{"line":33,"column":null}},"21":{"start":{"line":33,"column":54},"end":{"line":33,"column":null}},"22":{"start":{"line":34,"column":12},"end":{"line":34,"column":null}},"23":{"start":{"line":40,"column":8},"end":{"line":45,"column":null}},"24":{"start":{"line":41,"column":12},"end":{"line":41,"column":null}},"25":{"start":{"line":43,"column":12},"end":{"line":43,"column":null}},"26":{"start":{"line":44,"column":12},"end":{"line":44,"column":null}},"27":{"start":{"line":49,"column":8},"end":{"line":61,"column":null}},"28":{"start":{"line":50,"column":33},"end":{"line":50,"column":78}},"29":{"start":{"line":51,"column":12},"end":{"line":51,"column":67}},"30":{"start":{"line":51,"column":31},"end":{"line":51,"column":67}},"31":{"start":{"line":53,"column":28},"end":{"line":53,"column":92}},"32":{"start":{"line":54,"column":12},"end":{"line":54,"column":null}},"33":{"start":{"line":54,"column":25},"end":{"line":54,"column":null}},"34":{"start":{"line":55,"column":12},"end":{"line":55,"column":null}},"35":{"start":{"line":58,"column":12},"end":{"line":58,"column":null}},"36":{"start":{"line":59,"column":12},"end":{"line":59,"column":null}},"37":{"start":{"line":59,"column":52},"end":{"line":59,"column":null}},"38":{"start":{"line":60,"column":12},"end":{"line":60,"column":null}},"39":{"start":{"line":11,"column":0},"end":{"line":11,"column":13}}},"fnMap":{"0":{"name":"(anonymous_0)","decl":{"start":{"line":13,"column":4},"end":{"line":13,"column":null}},"loc":{"start":{"line":16,"column":74},"end":{"line":17,"column":8}}},"1":{"name":"(anonymous_1)","decl":{"start":{"line":19,"column":4},"end":{"line":19,"column":9}},"loc":{"start":{"line":19,"column":56},"end":{"line":37,"column":5}}},"2":{"name":"(anonymous_2)","decl":{"start":{"line":39,"column":4},"end":{"line":39,"column":9}},"loc":{"start":{"line":39,"column":68},"end":{"line":46,"column":5}}},"3":{"name":"(anonymous_3)","decl":{"start":{"line":48,"column":4},"end":{"line":48,"column":9}},"loc":{"start":{"line":48,"column":71},"end":{"line":62,"column":5}}}},"branchMap":{"0":{"loc":{"start":{"line":14,"column":25},"end":{"line":14,"column":84}},"type":"default-arg","locations":[{"start":{"line":14,"column":58},"end":{"line":14,"column":84}}]},"1":{"loc":{"start":{"line":15,"column":25},"end":{"line":15,"column":79}},"type":"default-arg","locations":[{"start":{"line":15,"column":56},"end":{"line":15,"column":79}}]},"2":{"loc":{"start":{"line":16,"column":25},"end":{"line":16,"column":74}},"type":"default-arg","locations":[{"start":{"line":16,"column":53},"end":{"line":16,"column":74}}]},"3":{"loc":{"start":{"line":22,"column":12},"end":{"line":22,"column":70}},"type":"if","locations":[{"start":{"line":22,"column":12},"end":{"line":22,"column":70}}]},"4":{"loc":{"start":{"line":25,"column":12},"end":{"line":25,"column":50}},"type":"if","locations":[{"start":{"line":25,"column":12},"end":{"line":25,"column":50}}]},"5":{"loc":{"start":{"line":28,"column":12},"end":{"line":28,"column":75}},"type":"if","locations":[{"start":{"line":28,"column":12},"end":{"line":28,"column":75}}]},"6":{"loc":{"start":{"line":32,"column":12},"end":{"line":32,"column":null}},"type":"if","locations":[{"start":{"line":32,"column":12},"end":{"line":32,"column":null}}]},"7":{"loc":{"start":{"line":33,"column":12},"end":{"line":33,"column":null}},"type":"if","locations":[{"start":{"line":33,"column":12},"end":{"line":33,"column":null}}]},"8":{"loc":{"start":{"line":51,"column":12},"end":{"line":51,"column":67}},"type":"if","locations":[{"start":{"line":51,"column":12},"end":{"line":51,"column":67}}]},"9":{"loc":{"start":{"line":54,"column":12},"end":{"line":54,"column":null}},"type":"if","locations":[{"start":{"line":54,"column":12},"end":{"line":54,"column":null}}]},"10":{"loc":{"start":{"line":59,"column":12},"end":{"line":59,"column":null}},"type":"if","locations":[{"start":{"line":59,"column":12},"end":{"line":59,"column":null}}]}},"s":{"0":0,"1":0,"2":0,"3":0,"4":0,"5":0,"6":0,"7":0,"8":0,"9":0,"10":0,"11":0,"12":0,"13":0,"14":0,"15":0,"16":0,"17":0,"18":0,"19":0,"20":0,"21":0,"22":0,"23":0,"24":0,"25":0,"26":0,"27":0,"28":0,"29":0,"30":0,"31":0,"32":0,"33":0,"34":0,"35":0,"36":0,"37":0,"38":0,"39":0},"f":{"0":0,"1":0,"2":0,"3":0},"b":{"0":[0],"1":[0],"2":[0],"3":[0],"4":[0],"5":[0],"6":[0],"7":[0],"8":[0],"9":[0],"10":[0]}}
,"/Users/celesteoriana/Documents/twitter-backend/node/express-prisma-typescript/src/domains/follow/service/follow.service.impl.ts": {"path":"/Users/celesteoriana/Documents/twitter-backend/node/express-prisma-typescript/src/domains/follow/service/follow.service.impl.ts","statementMap":{"0":{"start":{"line":2,"column":0},"end":{"line":2,"column":71}},"1":{"start":{"line":3,"column":0},"end":{"line":3,"column":99}},"2":{"start":{"line":4,"column":0},"end":{"line":4,"column":34}},"3":{"start":{"line":9,"column":33},"end":{"line":9,"column":64}},"4":{"start":{"line":12,"column":8},"end":{"line":22,"column":null}},"5":{"start":{"line":13,"column":27},"end":{"line":13,"column":91}},"6":{"start":{"line":14,"column":12},"end":{"line":14,"column":null}},"7":{"start":{"line":14,"column":43},"end":{"line":14,"column":null}},"8":{"start":{"line":15,"column":12},"end":{"line":15,"column":null}},"9":{"start":{"line":15,"column":24},"end":{"line":15,"column":null}},"10":{"start":{"line":17,"column":12},"end":{"line":17,"column":null}},"11":{"start":{"line":20,"column":12},"end":{"line":20,"column":null}},"12":{"start":{"line":20,"column":52},"end":{"line":20,"column":null}},"13":{"start":{"line":21,"column":12},"end":{"line":21,"column":null}},"14":{"start":{"line":26,"column":8},"end":{"line":35,"column":null}},"15":{"start":{"line":27,"column":27},"end":{"line":27,"column":91}},"16":{"start":{"line":28,"column":12},"end":{"line":28,"column":null}},"17":{"start":{"line":28,"column":43},"end":{"line":28,"column":null}},"18":{"start":{"line":29,"column":12},"end":{"line":29,"column":null}},"19":{"start":{"line":29,"column":25},"end":{"line":29,"column":null}},"20":{"start":{"line":31,"column":12},"end":{"line":31,"column":null}},"21":{"start":{"line":33,"column":12},"end":{"line":33,"column":null}},"22":{"start":{"line":33,"column":52},"end":{"line":33,"column":null}},"23":{"start":{"line":34,"column":12},"end":{"line":34,"column":null}},"24":{"start":{"line":39,"column":8},"end":{"line":43,"column":null}},"25":{"start":{"line":40,"column":11},"end":{"line":40,"column":null}},"26":{"start":{"line":42,"column":12},"end":{"line":42,"column":null}},"27":{"start":{"line":47,"column":8},"end":{"line":51,"column":null}},"28":{"start":{"line":48,"column":12},"end":{"line":48,"column":null}},"29":{"start":{"line":50,"column":12},"end":{"line":50,"column":null}},"30":{"start":{"line":55,"column":8},"end":{"line":59,"column":null}},"31":{"start":{"line":56,"column":12},"end":{"line":56,"column":null}},"32":{"start":{"line":58,"column":12},"end":{"line":58,"column":null}},"33":{"start":{"line":63,"column":8},"end":{"line":67,"column":null}},"34":{"start":{"line":64,"column":12},"end":{"line":64,"column":null}},"35":{"start":{"line":66,"column":12},"end":{"line":66,"column":null}},"36":{"start":{"line":71,"column":8},"end":{"line":77,"column":null}},"37":{"start":{"line":72,"column":28},"end":{"line":72,"column":84}},"38":{"start":{"line":73,"column":31},"end":{"line":73,"column":69}},"39":{"start":{"line":73,"column":53},"end":{"line":73,"column":62}},"40":{"start":{"line":74,"column":12},"end":{"line":74,"column":null}},"41":{"start":{"line":76,"column":12},"end":{"line":76,"column":null}},"42":{"start":{"line":81,"column":8},"end":{"line":87,"column":null}},"43":{"start":{"line":82,"column":28},"end":{"line":82,"column":84}},"44":{"start":{"line":83,"column":12},"end":{"line":83,"column":null}},"45":{"start":{"line":84,"column":12},"end":{"line":84,"column":null}},"46":{"start":{"line":86,"column":12},"end":{"line":86,"column":null}},"47":{"start":{"line":91,"column":8},"end":{"line":95,"column":null}},"48":{"start":{"line":92,"column":12},"end":{"line":92,"column":null}},"49":{"start":{"line":94,"column":12},"end":{"line":94,"column":null}},"50":{"start":{"line":8,"column":0},"end":{"line":8,"column":13}}},"fnMap":{"0":{"name":"(anonymous_0)","decl":{"start":{"line":9,"column":4},"end":{"line":9,"column":33}},"loc":{"start":{"line":9,"column":92},"end":{"line":9,"column":96}}},"1":{"name":"(anonymous_1)","decl":{"start":{"line":11,"column":4},"end":{"line":11,"column":9}},"loc":{"start":{"line":11,"column":55},"end":{"line":23,"column":5}}},"2":{"name":"(anonymous_2)","decl":{"start":{"line":25,"column":4},"end":{"line":25,"column":9}},"loc":{"start":{"line":25,"column":57},"end":{"line":36,"column":5}}},"3":{"name":"(anonymous_3)","decl":{"start":{"line":38,"column":4},"end":{"line":38,"column":9}},"loc":{"start":{"line":38,"column":64},"end":{"line":44,"column":5}}},"4":{"name":"(anonymous_4)","decl":{"start":{"line":46,"column":4},"end":{"line":46,"column":9}},"loc":{"start":{"line":46,"column":47},"end":{"line":52,"column":5}}},"5":{"name":"(anonymous_5)","decl":{"start":{"line":54,"column":4},"end":{"line":54,"column":9}},"loc":{"start":{"line":54,"column":45},"end":{"line":60,"column":5}}},"6":{"name":"(anonymous_6)","decl":{"start":{"line":62,"column":4},"end":{"line":62,"column":9}},"loc":{"start":{"line":62,"column":45},"end":{"line":68,"column":5}}},"7":{"name":"(anonymous_7)","decl":{"start":{"line":70,"column":4},"end":{"line":70,"column":9}},"loc":{"start":{"line":70,"column":38},"end":{"line":78,"column":5}}},"8":{"name":"(anonymous_8)","decl":{"start":{"line":73,"column":43},"end":{"line":73,"column":49}},"loc":{"start":{"line":73,"column":53},"end":{"line":73,"column":62}}},"9":{"name":"(anonymous_9)","decl":{"start":{"line":80,"column":4},"end":{"line":80,"column":9}},"loc":{"start":{"line":80,"column":35},"end":{"line":88,"column":5}}},"10":{"name":"(anonymous_10)","decl":{"start":{"line":90,"column":4},"end":{"line":90,"column":9}},"loc":{"start":{"line":90,"column":61},"end":{"line":96,"column":5}}}},"branchMap":{"0":{"loc":{"start":{"line":9,"column":33},"end":{"line":9,"column":92}},"type":"default-arg","locations":[{"start":{"line":9,"column":64},"end":{"line":9,"column":92}}]},"1":{"loc":{"start":{"line":14,"column":12},"end":{"line":14,"column":null}},"type":"if","locations":[{"start":{"line":14,"column":12},"end":{"line":14,"column":null}}]},"2":{"loc":{"start":{"line":15,"column":12},"end":{"line":15,"column":null}},"type":"if","locations":[{"start":{"line":15,"column":12},"end":{"line":15,"column":null}}]},"3":{"loc":{"start":{"line":20,"column":12},"end":{"line":20,"column":null}},"type":"if","locations":[{"start":{"line":20,"column":12},"end":{"line":20,"column":null}}]},"4":{"loc":{"start":{"line":28,"column":12},"end":{"line":28,"column":null}},"type":"if","locations":[{"start":{"line":28,"column":12},"end":{"line":28,"column":null}}]},"5":{"loc":{"start":{"line":29,"column":12},"end":{"line":29,"column":null}},"type":"if","locations":[{"start":{"line":29,"column":12},"end":{"line":29,"column":null}}]},"6":{"loc":{"start":{"line":33,"column":12},"end":{"line":33,"column":null}},"type":"if","locations":[{"start":{"line":33,"column":12},"end":{"line":33,"column":null}}]},"7":{"loc":{"start":{"line":73,"column":31},"end":{"line":73,"column":69}},"type":"binary-expr","locations":[{"start":{"line":73,"column":31},"end":{"line":73,"column":63}},{"start":{"line":73,"column":67},"end":{"line":73,"column":69}}]}},"s":{"0":3,"1":3,"2":3,"3":1,"4":4,"5":4,"6":3,"7":1,"8":2,"9":1,"10":1,"11":3,"12":2,"13":1,"14":4,"15":4,"16":3,"17":1,"18":2,"19":1,"20":1,"21":3,"22":2,"23":1,"24":2,"25":2,"26":1,"27":2,"28":2,"29":1,"30":2,"31":2,"32":1,"33":2,"34":2,"35":1,"36":0,"37":0,"38":0,"39":0,"40":0,"41":0,"42":0,"43":0,"44":0,"45":0,"46":0,"47":0,"48":0,"49":0,"50":3},"f":{"0":1,"1":4,"2":4,"3":2,"4":2,"5":2,"6":2,"7":0,"8":0,"9":0,"10":0},"b":{"0":[0],"1":[1],"2":[1],"3":[2],"4":[1],"5":[1],"6":[2],"7":[0,0]}}
,"/Users/celesteoriana/Documents/twitter-backend/node/express-prisma-typescript/src/domains/post/service/post.service.impl.ts": {"path":"/Users/celesteoriana/Documents/twitter-backend/node/express-prisma-typescript/src/domains/post/service/post.service.impl.ts","statementMap":{"0":{"start":{"line":2,"column":0},"end":{"line":2,"column":66}},"1":{"start":{"line":4,"column":0},"end":{"line":4,"column":42}},"2":{"start":{"line":5,"column":0},"end":{"line":5,"column":98}},"3":{"start":{"line":6,"column":0},"end":{"line":6,"column":36}},"4":{"start":{"line":8,"column":0},"end":{"line":8,"column":68}},"5":{"start":{"line":9,"column":0},"end":{"line":9,"column":74}},"6":{"start":{"line":10,"column":0},"end":{"line":10,"column":70}},"7":{"start":{"line":11,"column":0},"end":{"line":11,"column":35}},"8":{"start":{"line":16,"column":21},"end":{"line":16,"column":54}},"9":{"start":{"line":17,"column":21},"end":{"line":17,"column":48}},"10":{"start":{"line":18,"column":21},"end":{"line":18,"column":52}},"11":{"start":{"line":22,"column":4},"end":{"line":27,"column":null}},"12":{"start":{"line":23,"column":6},"end":{"line":23,"column":null}},"13":{"start":{"line":24,"column":6},"end":{"line":24,"column":null}},"14":{"start":{"line":26,"column":6},"end":{"line":26,"column":null}},"15":{"start":{"line":31,"column":4},"end":{"line":40,"column":null}},"16":{"start":{"line":32,"column":6},"end":{"line":32,"column":null}},"17":{"start":{"line":33,"column":19},"end":{"line":33,"column":53}},"18":{"start":{"line":34,"column":21},"end":{"line":34,"column":67}},"19":{"start":{"line":36,"column":6},"end":{"line":36,"column":null}},"20":{"start":{"line":38,"column":6},"end":{"line":38,"column":null}},"21":{"start":{"line":38,"column":46},"end":{"line":38,"column":null}},"22":{"start":{"line":39,"column":6},"end":{"line":39,"column":null}},"23":{"start":{"line":44,"column":4},"end":{"line":53,"column":null}},"24":{"start":{"line":45,"column":19},"end":{"line":45,"column":60}},"25":{"start":{"line":46,"column":6},"end":{"line":46,"column":null}},"26":{"start":{"line":46,"column":17},"end":{"line":46,"column":null}},"27":{"start":{"line":47,"column":6},"end":{"line":47,"column":null}},"28":{"start":{"line":47,"column":36},"end":{"line":47,"column":null}},"29":{"start":{"line":48,"column":6},"end":{"line":48,"column":null}},"30":{"start":{"line":50,"column":6},"end":{"line":50,"column":null}},"31":{"start":{"line":50,"column":46},"end":{"line":50,"column":null}},"32":{"start":{"line":51,"column":6},"end":{"line":51,"column":null}},"33":{"start":{"line":51,"column":47},"end":{"line":51,"column":null}},"34":{"start":{"line":52,"column":6},"end":{"line":52,"column":null}},"35":{"start":{"line":58,"column":4},"end":{"line":81,"column":null}},"36":{"start":{"line":59,"column":19},"end":{"line":59,"column":60}},"37":{"start":{"line":60,"column":6},"end":{"line":62,"column":null}},"38":{"start":{"line":61,"column":8},"end":{"line":61,"column":44}},"39":{"start":{"line":64,"column":24},"end":{"line":64,"column":77}},"40":{"start":{"line":65,"column":6},"end":{"line":67,"column":null}},"41":{"start":{"line":66,"column":8},"end":{"line":66,"column":44}},"42":{"start":{"line":70,"column":6},"end":{"line":75,"column":null}},"43":{"start":{"line":71,"column":28},"end":{"line":73,"column":10}},"44":{"start":{"line":72,"column":10},"end":{"line":72,"column":49}},"45":{"start":{"line":74,"column":8},"end":{"line":74,"column":46}},"46":{"start":{"line":77,"column":6},"end":{"line":77,"column":39}},"47":{"start":{"line":79,"column":6},"end":{"line":79,"column":58}},"48":{"start":{"line":79,"column":46},"end":{"line":79,"column":58}},"49":{"start":{"line":80,"column":6},"end":{"line":80,"column":56}},"50":{"start":{"line":85,"column":4},"end":{"line":89,"column":null}},"51":{"start":{"line":86,"column":6},"end":{"line":86,"column":null}},"52":{"start":{"line":88,"column":6},"end":{"line":88,"column":null}},"53":{"start":{"line":93,"column":4},"end":{"line":97,"column":null}},"54":{"start":{"line":94,"column":6},"end":{"line":94,"column":null}},"55":{"start":{"line":96,"column":6},"end":{"line":96,"column":null}},"56":{"start":{"line":101,"column":4},"end":{"line":105,"column":null}},"57":{"start":{"line":102,"column":6},"end":{"line":102,"column":null}},"58":{"start":{"line":104,"column":6},"end":{"line":104,"column":null}},"59":{"start":{"line":109,"column":4},"end":{"line":135,"column":null}},"60":{"start":{"line":110,"column":39},"end":{"line":110,"column":46}},"61":{"start":{"line":113,"column":32},"end":{"line":113,"column":83}},"62":{"start":{"line":115,"column":30},"end":{"line":115,"column":72}},"63":{"start":{"line":118,"column":34},"end":{"line":118,"column":85}},"64":{"start":{"line":119,"column":31},"end":{"line":119,"column":62}},"65":{"start":{"line":121,"column":20},"end":{"line":123,"column":8}},"66":{"start":{"line":125,"column":25},"end":{"line":125,"column":82}},"67":{"start":{"line":127,"column":6},"end":{"line":130,"column":8}},"68":{"start":{"line":133,"column":6},"end":{"line":133,"column":null}},"69":{"start":{"line":133,"column":46},"end":{"line":133,"column":null}},"70":{"start":{"line":134,"column":6},"end":{"line":134,"column":null}},"71":{"start":{"line":140,"column":4},"end":{"line":160,"column":null}},"72":{"start":{"line":141,"column":39},"end":{"line":141,"column":46}},"73":{"start":{"line":144,"column":32},"end":{"line":144,"column":83}},"74":{"start":{"line":146,"column":20},"end":{"line":148,"column":8}},"75":{"start":{"line":150,"column":25},"end":{"line":150,"column":82}},"76":{"start":{"line":152,"column":6},"end":{"line":155,"column":8}},"77":{"start":{"line":158,"column":6},"end":{"line":158,"column":null}},"78":{"start":{"line":158,"column":46},"end":{"line":158,"column":null}},"79":{"start":{"line":159,"column":6},"end":{"line":159,"column":null}},"80":{"start":{"line":165,"column":4},"end":{"line":189,"column":null}},"81":{"start":{"line":166,"column":24},"end":{"line":166,"column":72}},"82":{"start":{"line":167,"column":6},"end":{"line":167,"column":null}},"83":{"start":{"line":167,"column":22},"end":{"line":167,"column":null}},"84":{"start":{"line":170,"column":39},"end":{"line":170,"column":46}},"85":{"start":{"line":173,"column":20},"end":{"line":177,"column":8}},"86":{"start":{"line":179,"column":25},"end":{"line":179,"column":82}},"87":{"start":{"line":181,"column":6},"end":{"line":184,"column":8}},"88":{"start":{"line":187,"column":6},"end":{"line":187,"column":null}},"89":{"start":{"line":187,"column":46},"end":{"line":187,"column":null}},"90":{"start":{"line":188,"column":6},"end":{"line":188,"column":null}},"91":{"start":{"line":194,"column":4},"end":{"line":209,"column":null}},"92":{"start":{"line":196,"column":6},"end":{"line":198,"column":null}},"93":{"start":{"line":197,"column":8},"end":{"line":197,"column":20}},"94":{"start":{"line":200,"column":28},"end":{"line":200,"column":69}},"95":{"start":{"line":201,"column":6},"end":{"line":203,"column":null}},"96":{"start":{"line":202,"column":8},"end":{"line":202,"column":20}},"97":{"start":{"line":205,"column":26},"end":{"line":205,"column":84}},"98":{"start":{"line":206,"column":6},"end":{"line":206,"column":25}},"99":{"start":{"line":208,"column":6},"end":{"line":208,"column":68}},"100":{"start":{"line":214,"column":4},"end":{"line":221,"column":null}},"101":{"start":{"line":215,"column":22},"end":{"line":215,"column":88}},"102":{"start":{"line":217,"column":6},"end":{"line":217,"column":null}},"103":{"start":{"line":219,"column":6},"end":{"line":219,"column":null}},"104":{"start":{"line":219,"column":46},"end":{"line":219,"column":null}},"105":{"start":{"line":220,"column":6},"end":{"line":220,"column":null}},"106":{"start":{"line":225,"column":4},"end":{"line":232,"column":null}},"107":{"start":{"line":226,"column":24},"end":{"line":226,"column":32}},"108":{"start":{"line":227,"column":23},"end":{"line":227,"column":57}},"109":{"start":{"line":228,"column":18},"end":{"line":228,"column":52}},"110":{"start":{"line":229,"column":6},"end":{"line":229,"column":null}},"111":{"start":{"line":231,"column":6},"end":{"line":231,"column":null}},"112":{"start":{"line":14,"column":0},"end":{"line":14,"column":13}}},"fnMap":{"0":{"name":"(anonymous_0)","decl":{"start":{"line":15,"column":2},"end":{"line":15,"column":null}},"loc":{"start":{"line":18,"column":75},"end":{"line":19,"column":6}}},"1":{"name":"(anonymous_1)","decl":{"start":{"line":21,"column":2},"end":{"line":21,"column":7}},"loc":{"start":{"line":21,"column":63},"end":{"line":28,"column":3}}},"2":{"name":"(anonymous_2)","decl":{"start":{"line":30,"column":2},"end":{"line":30,"column":7}},"loc":{"start":{"line":30,"column":82},"end":{"line":41,"column":3}}},"3":{"name":"(anonymous_3)","decl":{"start":{"line":43,"column":2},"end":{"line":43,"column":7}},"loc":{"start":{"line":43,"column":50},"end":{"line":55,"column":3}}},"4":{"name":"(anonymous_4)","decl":{"start":{"line":57,"column":2},"end":{"line":57,"column":7}},"loc":{"start":{"line":57,"column":46},"end":{"line":82,"column":3}}},"5":{"name":"(anonymous_5)","decl":{"start":{"line":71,"column":44},"end":{"line":71,"column":49}},"loc":{"start":{"line":71,"column":60},"end":{"line":73,"column":9}}},"6":{"name":"(anonymous_6)","decl":{"start":{"line":84,"column":2},"end":{"line":84,"column":7}},"loc":{"start":{"line":84,"column":49},"end":{"line":90,"column":3}}},"7":{"name":"(anonymous_7)","decl":{"start":{"line":92,"column":2},"end":{"line":92,"column":7}},"loc":{"start":{"line":92,"column":46},"end":{"line":98,"column":3}}},"8":{"name":"(anonymous_8)","decl":{"start":{"line":100,"column":2},"end":{"line":100,"column":7}},"loc":{"start":{"line":100,"column":48},"end":{"line":106,"column":3}}},"9":{"name":"(anonymous_9)","decl":{"start":{"line":108,"column":2},"end":{"line":108,"column":7}},"loc":{"start":{"line":108,"column":65},"end":{"line":137,"column":3}}},"10":{"name":"(anonymous_10)","decl":{"start":{"line":139,"column":2},"end":{"line":139,"column":7}},"loc":{"start":{"line":139,"column":80},"end":{"line":162,"column":3}}},"11":{"name":"(anonymous_11)","decl":{"start":{"line":164,"column":2},"end":{"line":164,"column":7}},"loc":{"start":{"line":164,"column":82},"end":{"line":191,"column":3}}},"12":{"name":"(anonymous_12)","decl":{"start":{"line":193,"column":2},"end":{"line":193,"column":7}},"loc":{"start":{"line":193,"column":60},"end":{"line":210,"column":3}}},"13":{"name":"(anonymous_13)","decl":{"start":{"line":213,"column":2},"end":{"line":213,"column":7}},"loc":{"start":{"line":213,"column":120},"end":{"line":222,"column":3}}},"14":{"name":"(anonymous_14)","decl":{"start":{"line":224,"column":2},"end":{"line":224,"column":7}},"loc":{"start":{"line":224,"column":40},"end":{"line":233,"column":3}}}},"branchMap":{"0":{"loc":{"start":{"line":16,"column":21},"end":{"line":16,"column":80}},"type":"default-arg","locations":[{"start":{"line":16,"column":54},"end":{"line":16,"column":80}}]},"1":{"loc":{"start":{"line":17,"column":21},"end":{"line":17,"column":69}},"type":"default-arg","locations":[{"start":{"line":17,"column":48},"end":{"line":17,"column":69}}]},"2":{"loc":{"start":{"line":18,"column":21},"end":{"line":18,"column":75}},"type":"default-arg","locations":[{"start":{"line":18,"column":52},"end":{"line":18,"column":75}}]},"3":{"loc":{"start":{"line":38,"column":6},"end":{"line":38,"column":null}},"type":"if","locations":[{"start":{"line":38,"column":6},"end":{"line":38,"column":null}}]},"4":{"loc":{"start":{"line":46,"column":6},"end":{"line":46,"column":null}},"type":"if","locations":[{"start":{"line":46,"column":6},"end":{"line":46,"column":null}}]},"5":{"loc":{"start":{"line":47,"column":6},"end":{"line":47,"column":null}},"type":"if","locations":[{"start":{"line":47,"column":6},"end":{"line":47,"column":null}}]},"6":{"loc":{"start":{"line":50,"column":6},"end":{"line":50,"column":null}},"type":"if","locations":[{"start":{"line":50,"column":6},"end":{"line":50,"column":null}}]},"7":{"loc":{"start":{"line":51,"column":6},"end":{"line":51,"column":null}},"type":"if","locations":[{"start":{"line":51,"column":6},"end":{"line":51,"column":null}}]},"8":{"loc":{"start":{"line":60,"column":6},"end":{"line":62,"column":null}},"type":"if","locations":[{"start":{"line":60,"column":6},"end":{"line":62,"column":null}}]},"9":{"loc":{"start":{"line":65,"column":6},"end":{"line":67,"column":null}},"type":"if","locations":[{"start":{"line":65,"column":6},"end":{"line":67,"column":null}}]},"10":{"loc":{"start":{"line":70,"column":6},"end":{"line":75,"column":null}},"type":"if","locations":[{"start":{"line":70,"column":6},"end":{"line":75,"column":null}}]},"11":{"loc":{"start":{"line":70,"column":10},"end":{"line":70,"column":47}},"type":"binary-expr","locations":[{"start":{"line":70,"column":10},"end":{"line":70,"column":21}},{"start":{"line":70,"column":25},"end":{"line":70,"column":47}}]},"12":{"loc":{"start":{"line":79,"column":6},"end":{"line":79,"column":58}},"type":"if","locations":[{"start":{"line":79,"column":6},"end":{"line":79,"column":58}}]},"13":{"loc":{"start":{"line":125,"column":25},"end":{"line":125,"column":82}},"type":"cond-expr","locations":[{"start":{"line":125,"column":44},"end":{"line":125,"column":70}},{"start":{"line":125,"column":73},"end":{"line":125,"column":82}}]},"14":{"loc":{"start":{"line":133,"column":6},"end":{"line":133,"column":null}},"type":"if","locations":[{"start":{"line":133,"column":6},"end":{"line":133,"column":null}}]},"15":{"loc":{"start":{"line":150,"column":25},"end":{"line":150,"column":82}},"type":"cond-expr","locations":[{"start":{"line":150,"column":44},"end":{"line":150,"column":70}},{"start":{"line":150,"column":73},"end":{"line":150,"column":82}}]},"16":{"loc":{"start":{"line":158,"column":6},"end":{"line":158,"column":null}},"type":"if","locations":[{"start":{"line":158,"column":6},"end":{"line":158,"column":null}}]},"17":{"loc":{"start":{"line":167,"column":6},"end":{"line":167,"column":null}},"type":"if","locations":[{"start":{"line":167,"column":6},"end":{"line":167,"column":null}}]},"18":{"loc":{"start":{"line":179,"column":25},"end":{"line":179,"column":82}},"type":"cond-expr","locations":[{"start":{"line":179,"column":44},"end":{"line":179,"column":70}},{"start":{"line":179,"column":73},"end":{"line":179,"column":82}}]},"19":{"loc":{"start":{"line":187,"column":6},"end":{"line":187,"column":null}},"type":"if","locations":[{"start":{"line":187,"column":6},"end":{"line":187,"column":null}}]},"20":{"loc":{"start":{"line":196,"column":6},"end":{"line":198,"column":null}},"type":"if","locations":[{"start":{"line":196,"column":6},"end":{"line":198,"column":null}}]},"21":{"loc":{"start":{"line":201,"column":6},"end":{"line":203,"column":null}},"type":"if","locations":[{"start":{"line":201,"column":6},"end":{"line":203,"column":null}}]},"22":{"loc":{"start":{"line":219,"column":6},"end":{"line":219,"column":null}},"type":"if","locations":[{"start":{"line":219,"column":6},"end":{"line":219,"column":null}}]}},"s":{"0":1,"1":1,"2":1,"3":1,"4":1,"5":1,"6":1,"7":1,"8":1,"9":1,"10":1,"11":2,"12":2,"13":2,"14":1,"15":0,"16":0,"17":0,"18":0,"19":0,"20":0,"21":0,"22":0,"23":4,"24":4,"25":4,"26":1,"27":3,"28":1,"29":2,"30":3,"31":1,"32":2,"33":1,"34":1,"35":3,"36":3,"37":2,"38":1,"39":1,"40":1,"41":0,"42":1,"43":0,"44":0,"45":0,"46":1,"47":2,"48":1,"49":1,"50":2,"51":2,"52":1,"53":2,"54":2,"55":1,"56":2,"57":2,"58":1,"59":4,"60":4,"61":4,"62":3,"63":2,"64":2,"65":2,"66":1,"67":1,"68":3,"69":0,"70":3,"71":0,"72":0,"73":0,"74":0,"75":0,"76":0,"77":0,"78":0,"79":0,"80":0,"81":0,"82":0,"83":0,"84":0,"85":0,"86":0,"87":0,"88":0,"89":0,"90":0,"91":0,"92":0,"93":0,"94":0,"95":0,"96":0,"97":0,"98":0,"99":0,"100":0,"101":0,"102":0,"103":0,"104":0,"105":0,"106":0,"107":0,"108":0,"109":0,"110":0,"111":0,"112":1},"f":{"0":1,"1":2,"2":0,"3":4,"4":3,"5":0,"6":2,"7":2,"8":2,"9":4,"10":0,"11":0,"12":0,"13":0,"14":0},"b":{"0":[0],"1":[0],"2":[0],"3":[0],"4":[1],"5":[1],"6":[1],"7":[1],"8":[1],"9":[0],"10":[0],"11":[1,0],"12":[1],"13":[1,0],"14":[0],"15":[0,0],"16":[0],"17":[0],"18":[0,0],"19":[0],"20":[0],"21":[0],"22":[0]}}
,"/Users/celesteoriana/Documents/twitter-backend/node/express-prisma-typescript/src/domains/reaction/services/reaction.service.impl.ts": {"path":"/Users/celesteoriana/Documents/twitter-backend/node/express-prisma-typescript/src/domains/reaction/services/reaction.service.impl.ts","statementMap":{"0":{"start":{"line":1,"column":0},"end":{"line":1,"column":120}},"1":{"start":{"line":2,"column":0},"end":{"line":2,"column":36}},"2":{"start":{"line":3,"column":0},"end":{"line":3,"column":80}},"3":{"start":{"line":6,"column":0},"end":{"line":6,"column":69}},"4":{"start":{"line":12,"column":25},"end":{"line":12,"column":66}},"5":{"start":{"line":13,"column":25},"end":{"line":13,"column":52}},"6":{"start":{"line":18,"column":8},"end":{"line":36,"column":null}},"7":{"start":{"line":19,"column":12},"end":{"line":19,"column":null}},"8":{"start":{"line":20,"column":25},"end":{"line":20,"column":71}},"9":{"start":{"line":21,"column":12},"end":{"line":21,"column":null}},"10":{"start":{"line":21,"column":23},"end":{"line":21,"column":null}},"11":{"start":{"line":23,"column":29},"end":{"line":23,"column":104}},"12":{"start":{"line":24,"column":12},"end":{"line":24,"column":null}},"13":{"start":{"line":24,"column":26},"end":{"line":24,"column":null}},"14":{"start":{"line":25,"column":12},"end":{"line":25,"column":null}},"15":{"start":{"line":25,"column":36},"end":{"line":25,"column":null}},"16":{"start":{"line":26,"column":12},"end":{"line":26,"column":null}},"17":{"start":{"line":26,"column":33},"end":{"line":26,"column":null}},"18":{"start":{"line":28,"column":12},"end":{"line":28,"column":null}},"19":{"start":{"line":31,"column":12},"end":{"line":31,"column":null}},"20":{"start":{"line":33,"column":12},"end":{"line":33,"column":null}},"21":{"start":{"line":33,"column":52},"end":{"line":33,"column":null}},"22":{"start":{"line":34,"column":12},"end":{"line":34,"column":null}},"23":{"start":{"line":34,"column":54},"end":{"line":34,"column":null}},"24":{"start":{"line":35,"column":12},"end":{"line":35,"column":null}},"25":{"start":{"line":41,"column":8},"end":{"line":55,"column":null}},"26":{"start":{"line":42,"column":29},"end":{"line":42,"column":86}},"27":{"start":{"line":44,"column":12},"end":{"line":44,"column":null}},"28":{"start":{"line":44,"column":27},"end":{"line":44,"column":null}},"29":{"start":{"line":45,"column":12},"end":{"line":45,"column":null}},"30":{"start":{"line":45,"column":44},"end":{"line":45,"column":null}},"31":{"start":{"line":47,"column":12},"end":{"line":47,"column":null}},"32":{"start":{"line":50,"column":12},"end":{"line":50,"column":null}},"33":{"start":{"line":52,"column":12},"end":{"line":52,"column":null}},"34":{"start":{"line":52,"column":52},"end":{"line":52,"column":null}},"35":{"start":{"line":53,"column":12},"end":{"line":53,"column":null}},"36":{"start":{"line":53,"column":53},"end":{"line":53,"column":null}},"37":{"start":{"line":54,"column":12},"end":{"line":54,"column":null}},"38":{"start":{"line":60,"column":8},"end":{"line":66,"column":null}},"39":{"start":{"line":61,"column":12},"end":{"line":61,"column":null}},"40":{"start":{"line":63,"column":12},"end":{"line":63,"column":null}},"41":{"start":{"line":65,"column":12},"end":{"line":65,"column":null}},"42":{"start":{"line":71,"column":8},"end":{"line":77,"column":null}},"43":{"start":{"line":72,"column":12},"end":{"line":72,"column":null}},"44":{"start":{"line":74,"column":12},"end":{"line":74,"column":null}},"45":{"start":{"line":76,"column":12},"end":{"line":76,"column":null}},"46":{"start":{"line":82,"column":8},"end":{"line":87,"column":null}},"47":{"start":{"line":83,"column":12},"end":{"line":83,"column":null}},"48":{"start":{"line":85,"column":12},"end":{"line":85,"column":null}},"49":{"start":{"line":86,"column":12},"end":{"line":86,"column":null}},"50":{"start":{"line":91,"column":8},"end":{"line":99,"column":null}},"51":{"start":{"line":92,"column":30},"end":{"line":92,"column":101}},"52":{"start":{"line":93,"column":12},"end":{"line":93,"column":null}},"53":{"start":{"line":95,"column":12},"end":{"line":95,"column":null}},"54":{"start":{"line":97,"column":12},"end":{"line":97,"column":null}},"55":{"start":{"line":97,"column":52},"end":{"line":97,"column":null}},"56":{"start":{"line":98,"column":12},"end":{"line":98,"column":null}},"57":{"start":{"line":9,"column":0},"end":{"line":9,"column":13}}},"fnMap":{"0":{"name":"(anonymous_0)","decl":{"start":{"line":11,"column":4},"end":{"line":11,"column":null}},"loc":{"start":{"line":13,"column":73},"end":{"line":14,"column":8}}},"1":{"name":"(anonymous_1)","decl":{"start":{"line":16,"column":4},"end":{"line":16,"column":9}},"loc":{"start":{"line":16,"column":70},"end":{"line":37,"column":5}}},"2":{"name":"(anonymous_2)","decl":{"start":{"line":39,"column":4},"end":{"line":39,"column":9}},"loc":{"start":{"line":39,"column":60},"end":{"line":56,"column":5}}},"3":{"name":"(anonymous_3)","decl":{"start":{"line":58,"column":4},"end":{"line":58,"column":9}},"loc":{"start":{"line":58,"column":42},"end":{"line":67,"column":5}}},"4":{"name":"(anonymous_4)","decl":{"start":{"line":69,"column":4},"end":{"line":69,"column":9}},"loc":{"start":{"line":69,"column":42},"end":{"line":78,"column":5}}},"5":{"name":"(anonymous_5)","decl":{"start":{"line":80,"column":4},"end":{"line":80,"column":9}},"loc":{"start":{"line":80,"column":41},"end":{"line":88,"column":5}}},"6":{"name":"(anonymous_6)","decl":{"start":{"line":90,"column":4},"end":{"line":90,"column":9}},"loc":{"start":{"line":90,"column":61},"end":{"line":100,"column":5}}}},"branchMap":{"0":{"loc":{"start":{"line":12,"column":25},"end":{"line":12,"column":96}},"type":"default-arg","locations":[{"start":{"line":12,"column":66},"end":{"line":12,"column":96}}]},"1":{"loc":{"start":{"line":13,"column":25},"end":{"line":13,"column":73}},"type":"default-arg","locations":[{"start":{"line":13,"column":52},"end":{"line":13,"column":73}}]},"2":{"loc":{"start":{"line":21,"column":12},"end":{"line":21,"column":null}},"type":"if","locations":[{"start":{"line":21,"column":12},"end":{"line":21,"column":null}}]},"3":{"loc":{"start":{"line":24,"column":12},"end":{"line":24,"column":null}},"type":"if","locations":[{"start":{"line":24,"column":12},"end":{"line":24,"column":null}}]},"4":{"loc":{"start":{"line":25,"column":12},"end":{"line":25,"column":null}},"type":"if","locations":[{"start":{"line":25,"column":12},"end":{"line":25,"column":null}}]},"5":{"loc":{"start":{"line":26,"column":12},"end":{"line":26,"column":null}},"type":"if","locations":[{"start":{"line":26,"column":12},"end":{"line":26,"column":null}}]},"6":{"loc":{"start":{"line":33,"column":12},"end":{"line":33,"column":null}},"type":"if","locations":[{"start":{"line":33,"column":12},"end":{"line":33,"column":null}}]},"7":{"loc":{"start":{"line":34,"column":12},"end":{"line":34,"column":null}},"type":"if","locations":[{"start":{"line":34,"column":12},"end":{"line":34,"column":null}}]},"8":{"loc":{"start":{"line":44,"column":12},"end":{"line":44,"column":null}},"type":"if","locations":[{"start":{"line":44,"column":12},"end":{"line":44,"column":null}}]},"9":{"loc":{"start":{"line":45,"column":12},"end":{"line":45,"column":null}},"type":"if","locations":[{"start":{"line":45,"column":12},"end":{"line":45,"column":null}}]},"10":{"loc":{"start":{"line":52,"column":12},"end":{"line":52,"column":null}},"type":"if","locations":[{"start":{"line":52,"column":12},"end":{"line":52,"column":null}}]},"11":{"loc":{"start":{"line":53,"column":12},"end":{"line":53,"column":null}},"type":"if","locations":[{"start":{"line":53,"column":12},"end":{"line":53,"column":null}}]},"12":{"loc":{"start":{"line":93,"column":19},"end":{"line":93,"column":34}},"type":"binary-expr","locations":[{"start":{"line":93,"column":19},"end":{"line":93,"column":28}},{"start":{"line":93,"column":32},"end":{"line":93,"column":34}}]},"13":{"loc":{"start":{"line":97,"column":12},"end":{"line":97,"column":null}},"type":"if","locations":[{"start":{"line":97,"column":12},"end":{"line":97,"column":null}}]}},"s":{"0":0,"1":0,"2":0,"3":0,"4":0,"5":0,"6":0,"7":0,"8":0,"9":0,"10":0,"11":0,"12":0,"13":0,"14":0,"15":0,"16":0,"17":0,"18":0,"19":0,"20":0,"21":0,"22":0,"23":0,"24":0,"25":0,"26":0,"27":0,"28":0,"29":0,"30":0,"31":0,"32":0,"33":0,"34":0,"35":0,"36":0,"37":0,"38":0,"39":0,"40":0,"41":0,"42":0,"43":0,"44":0,"45":0,"46":0,"47":0,"48":0,"49":0,"50":0,"51":0,"52":0,"53":0,"54":0,"55":0,"56":0,"57":0},"f":{"0":0,"1":0,"2":0,"3":0,"4":0,"5":0,"6":0},"b":{"0":[0],"1":[0],"2":[0],"3":[0],"4":[0],"5":[0],"6":[0],"7":[0],"8":[0],"9":[0],"10":[0],"11":[0],"12":[0,0],"13":[0]}}
,"/Users/celesteoriana/Documents/twitter-backend/node/express-prisma-typescript/src/domains/user/service/user.service.impl.ts": {"path":"/Users/celesteoriana/Documents/twitter-backend/node/express-prisma-typescript/src/domains/user/service/user.service.impl.ts","statementMap":{"0":{"start":{"line":1,"column":0},"end":{"line":1,"column":79}},"1":{"start":{"line":4,"column":0},"end":{"line":4,"column":66}},"2":{"start":{"line":7,"column":0},"end":{"line":7,"column":36}},"3":{"start":{"line":9,"column":0},"end":{"line":9,"column":74}},"4":{"start":{"line":10,"column":0},"end":{"line":10,"column":70}},"5":{"start":{"line":14,"column":21},"end":{"line":14,"column":54}},"6":{"start":{"line":15,"column":21},"end":{"line":15,"column":52}},"7":{"start":{"line":19,"column":4},"end":{"line":24,"column":null}},"8":{"start":{"line":20,"column":6},"end":{"line":20,"column":null}},"9":{"start":{"line":22,"column":6},"end":{"line":22,"column":null}},"10":{"start":{"line":22,"column":46},"end":{"line":22,"column":null}},"11":{"start":{"line":23,"column":6},"end":{"line":23,"column":null}},"12":{"start":{"line":28,"column":4},"end":{"line":35,"column":null}},"13":{"start":{"line":29,"column":19},"end":{"line":29,"column":82}},"14":{"start":{"line":30,"column":6},"end":{"line":30,"column":null}},"15":{"start":{"line":30,"column":17},"end":{"line":30,"column":null}},"16":{"start":{"line":31,"column":6},"end":{"line":31,"column":null}},"17":{"start":{"line":33,"column":6},"end":{"line":33,"column":null}},"18":{"start":{"line":33,"column":46},"end":{"line":33,"column":null}},"19":{"start":{"line":34,"column":6},"end":{"line":34,"column":null}},"20":{"start":{"line":39,"column":4},"end":{"line":47,"column":null}},"21":{"start":{"line":40,"column":19},"end":{"line":40,"column":60}},"22":{"start":{"line":41,"column":6},"end":{"line":41,"column":null}},"23":{"start":{"line":41,"column":17},"end":{"line":41,"column":null}},"24":{"start":{"line":43,"column":6},"end":{"line":43,"column":null}},"25":{"start":{"line":45,"column":6},"end":{"line":45,"column":null}},"26":{"start":{"line":45,"column":46},"end":{"line":45,"column":null}},"27":{"start":{"line":46,"column":6},"end":{"line":46,"column":null}},"28":{"start":{"line":54,"column":4},"end":{"line":80,"column":null}},"29":{"start":{"line":56,"column":30},"end":{"line":56,"column":81}},"30":{"start":{"line":57,"column":6},"end":{"line":57,"column":50}},"31":{"start":{"line":57,"column":40},"end":{"line":57,"column":50}},"32":{"start":{"line":60,"column":29},"end":{"line":61,"column":null}},"33":{"start":{"line":61,"column":8},"end":{"line":61,"column":61}},"34":{"start":{"line":64,"column":43},"end":{"line":64,"column":76}},"35":{"start":{"line":65,"column":31},"end":{"line":65,"column":66}},"36":{"start":{"line":68,"column":6},"end":{"line":72,"column":10}},"37":{"start":{"line":71,"column":12},"end":{"line":71,"column":88}},"38":{"start":{"line":74,"column":6},"end":{"line":77,"column":8}},"39":{"start":{"line":79,"column":6},"end":{"line":79,"column":71}},"40":{"start":{"line":84,"column":4},"end":{"line":88,"column":null}},"41":{"start":{"line":85,"column":6},"end":{"line":85,"column":null}},"42":{"start":{"line":87,"column":6},"end":{"line":87,"column":null}},"43":{"start":{"line":92,"column":4},"end":{"line":98,"column":null}},"44":{"start":{"line":93,"column":19},"end":{"line":93,"column":45}},"45":{"start":{"line":94,"column":6},"end":{"line":94,"column":null}},"46":{"start":{"line":96,"column":6},"end":{"line":96,"column":null}},"47":{"start":{"line":96,"column":46},"end":{"line":96,"column":null}},"48":{"start":{"line":97,"column":6},"end":{"line":97,"column":null}},"49":{"start":{"line":102,"column":4},"end":{"line":107,"column":null}},"50":{"start":{"line":103,"column":6},"end":{"line":103,"column":null}},"51":{"start":{"line":105,"column":6},"end":{"line":105,"column":null}},"52":{"start":{"line":105,"column":46},"end":{"line":105,"column":null}},"53":{"start":{"line":106,"column":6},"end":{"line":106,"column":null}},"54":{"start":{"line":111,"column":4},"end":{"line":116,"column":null}},"55":{"start":{"line":112,"column":6},"end":{"line":112,"column":null}},"56":{"start":{"line":114,"column":6},"end":{"line":114,"column":null}},"57":{"start":{"line":114,"column":46},"end":{"line":114,"column":null}},"58":{"start":{"line":115,"column":6},"end":{"line":115,"column":null}},"59":{"start":{"line":120,"column":4},"end":{"line":129,"column":null}},"60":{"start":{"line":121,"column":23},"end":{"line":121,"column":47}},"61":{"start":{"line":122,"column":19},"end":{"line":122,"column":53}},"62":{"start":{"line":123,"column":6},"end":{"line":123,"column":null}},"63":{"start":{"line":124,"column":6},"end":{"line":124,"column":null}},"64":{"start":{"line":125,"column":6},"end":{"line":125,"column":null}},"65":{"start":{"line":127,"column":6},"end":{"line":127,"column":null}},"66":{"start":{"line":128,"column":6},"end":{"line":128,"column":null}},"67":{"start":{"line":133,"column":4},"end":{"line":141,"column":null}},"68":{"start":{"line":134,"column":23},"end":{"line":134,"column":78}},"69":{"start":{"line":135,"column":6},"end":{"line":135,"column":null}},"70":{"start":{"line":135,"column":21},"end":{"line":135,"column":null}},"71":{"start":{"line":136,"column":6},"end":{"line":136,"column":48}},"72":{"start":{"line":138,"column":6},"end":{"line":138,"column":null}},"73":{"start":{"line":139,"column":6},"end":{"line":139,"column":null}},"74":{"start":{"line":139,"column":46},"end":{"line":139,"column":null}},"75":{"start":{"line":140,"column":6},"end":{"line":140,"column":null}},"76":{"start":{"line":145,"column":4},"end":{"line":157,"column":null}},"77":{"start":{"line":146,"column":19},"end":{"line":146,"column":77}},"78":{"start":{"line":147,"column":6},"end":{"line":147,"column":null}},"79":{"start":{"line":147,"column":17},"end":{"line":147,"column":null}},"80":{"start":{"line":149,"column":6},"end":{"line":149,"column":null}},"81":{"start":{"line":151,"column":6},"end":{"line":151,"column":null}},"82":{"start":{"line":154,"column":6},"end":{"line":154,"column":null}},"83":{"start":{"line":155,"column":6},"end":{"line":155,"column":null}},"84":{"start":{"line":155,"column":46},"end":{"line":155,"column":null}},"85":{"start":{"line":156,"column":6},"end":{"line":156,"column":null}},"86":{"start":{"line":161,"column":4},"end":{"line":166,"column":null}},"87":{"start":{"line":162,"column":20},"end":{"line":162,"column":89}},"88":{"start":{"line":163,"column":6},"end":{"line":163,"column":null}},"89":{"start":{"line":165,"column":6},"end":{"line":165,"column":null}},"90":{"start":{"line":170,"column":4},"end":{"line":179,"column":null}},"91":{"start":{"line":172,"column":19},"end":{"line":172,"column":69}},"92":{"start":{"line":173,"column":6},"end":{"line":173,"column":null}},"93":{"start":{"line":176,"column":6},"end":{"line":176,"column":null}},"94":{"start":{"line":177,"column":6},"end":{"line":177,"column":null}},"95":{"start":{"line":177,"column":46},"end":{"line":177,"column":null}},"96":{"start":{"line":178,"column":6},"end":{"line":178,"column":null}},"97":{"start":{"line":12,"column":0},"end":{"line":12,"column":13}}},"fnMap":{"0":{"name":"(anonymous_0)","decl":{"start":{"line":13,"column":2},"end":{"line":13,"column":null}},"loc":{"start":{"line":15,"column":75},"end":{"line":16,"column":6}}},"1":{"name":"(anonymous_1)","decl":{"start":{"line":18,"column":2},"end":{"line":18,"column":7}},"loc":{"start":{"line":18,"column":40},"end":{"line":25,"column":3}}},"2":{"name":"(anonymous_2)","decl":{"start":{"line":27,"column":2},"end":{"line":27,"column":7}},"loc":{"start":{"line":27,"column":67},"end":{"line":36,"column":3}}},"3":{"name":"(anonymous_3)","decl":{"start":{"line":38,"column":2},"end":{"line":38,"column":7}},"loc":{"start":{"line":38,"column":28},"end":{"line":48,"column":3}}},"4":{"name":"(anonymous_4)","decl":{"start":{"line":50,"column":2},"end":{"line":50,"column":7}},"loc":{"start":{"line":52,"column":29},"end":{"line":81,"column":3}}},"5":{"name":"(anonymous_5)","decl":{"start":{"line":60,"column":49},"end":{"line":60,"column":50}},"loc":{"start":{"line":61,"column":8},"end":{"line":61,"column":61}}},"6":{"name":"(anonymous_6)","decl":{"start":{"line":70,"column":10},"end":{"line":70,"column":11}},"loc":{"start":{"line":71,"column":12},"end":{"line":71,"column":88}}},"7":{"name":"(anonymous_7)","decl":{"start":{"line":83,"column":2},"end":{"line":83,"column":7}},"loc":{"start":{"line":83,"column":31},"end":{"line":89,"column":3}}},"8":{"name":"(anonymous_8)","decl":{"start":{"line":91,"column":2},"end":{"line":91,"column":7}},"loc":{"start":{"line":91,"column":32},"end":{"line":99,"column":3}}},"9":{"name":"(anonymous_9)","decl":{"start":{"line":101,"column":2},"end":{"line":101,"column":7}},"loc":{"start":{"line":101,"column":53},"end":{"line":108,"column":3}}},"10":{"name":"(anonymous_10)","decl":{"start":{"line":110,"column":2},"end":{"line":110,"column":7}},"loc":{"start":{"line":110,"column":25},"end":{"line":117,"column":3}}},"11":{"name":"(anonymous_11)","decl":{"start":{"line":119,"column":2},"end":{"line":119,"column":7}},"loc":{"start":{"line":119,"column":42},"end":{"line":130,"column":3}}},"12":{"name":"(anonymous_12)","decl":{"start":{"line":132,"column":2},"end":{"line":132,"column":7}},"loc":{"start":{"line":132,"column":44},"end":{"line":142,"column":3}}},"13":{"name":"(anonymous_13)","decl":{"start":{"line":144,"column":2},"end":{"line":144,"column":7}},"loc":{"start":{"line":144,"column":63},"end":{"line":158,"column":3}}},"14":{"name":"(anonymous_14)","decl":{"start":{"line":160,"column":2},"end":{"line":160,"column":7}},"loc":{"start":{"line":160,"column":76},"end":{"line":167,"column":3}}},"15":{"name":"(anonymous_15)","decl":{"start":{"line":169,"column":2},"end":{"line":169,"column":7}},"loc":{"start":{"line":169,"column":56},"end":{"line":180,"column":3}}}},"branchMap":{"0":{"loc":{"start":{"line":14,"column":21},"end":{"line":14,"column":80}},"type":"default-arg","locations":[{"start":{"line":14,"column":54},"end":{"line":14,"column":80}}]},"1":{"loc":{"start":{"line":15,"column":21},"end":{"line":15,"column":75}},"type":"default-arg","locations":[{"start":{"line":15,"column":52},"end":{"line":15,"column":75}}]},"2":{"loc":{"start":{"line":22,"column":6},"end":{"line":22,"column":null}},"type":"if","locations":[{"start":{"line":22,"column":6},"end":{"line":22,"column":null}}]},"3":{"loc":{"start":{"line":30,"column":6},"end":{"line":30,"column":null}},"type":"if","locations":[{"start":{"line":30,"column":6},"end":{"line":30,"column":null}}]},"4":{"loc":{"start":{"line":33,"column":6},"end":{"line":33,"column":null}},"type":"if","locations":[{"start":{"line":33,"column":6},"end":{"line":33,"column":null}}]},"5":{"loc":{"start":{"line":41,"column":6},"end":{"line":41,"column":null}},"type":"if","locations":[{"start":{"line":41,"column":6},"end":{"line":41,"column":null}}]},"6":{"loc":{"start":{"line":45,"column":6},"end":{"line":45,"column":null}},"type":"if","locations":[{"start":{"line":45,"column":6},"end":{"line":45,"column":null}}]},"7":{"loc":{"start":{"line":57,"column":6},"end":{"line":57,"column":50}},"type":"if","locations":[{"start":{"line":57,"column":6},"end":{"line":57,"column":50}}]},"8":{"loc":{"start":{"line":71,"column":12},"end":{"line":71,"column":88}},"type":"binary-expr","locations":[{"start":{"line":71,"column":12},"end":{"line":71,"column":40}},{"start":{"line":71,"column":44},"end":{"line":71,"column":88}}]},"9":{"loc":{"start":{"line":96,"column":6},"end":{"line":96,"column":null}},"type":"if","locations":[{"start":{"line":96,"column":6},"end":{"line":96,"column":null}}]},"10":{"loc":{"start":{"line":105,"column":6},"end":{"line":105,"column":null}},"type":"if","locations":[{"start":{"line":105,"column":6},"end":{"line":105,"column":null}}]},"11":{"loc":{"start":{"line":114,"column":6},"end":{"line":114,"column":null}},"type":"if","locations":[{"start":{"line":114,"column":6},"end":{"line":114,"column":null}}]},"12":{"loc":{"start":{"line":135,"column":6},"end":{"line":135,"column":null}},"type":"if","locations":[{"start":{"line":135,"column":6},"end":{"line":135,"column":null}}]},"13":{"loc":{"start":{"line":139,"column":6},"end":{"line":139,"column":null}},"type":"if","locations":[{"start":{"line":139,"column":6},"end":{"line":139,"column":null}}]},"14":{"loc":{"start":{"line":147,"column":6},"end":{"line":147,"column":null}},"type":"if","locations":[{"start":{"line":147,"column":6},"end":{"line":147,"column":null}}]},"15":{"loc":{"start":{"line":155,"column":6},"end":{"line":155,"column":null}},"type":"if","locations":[{"start":{"line":155,"column":6},"end":{"line":155,"column":null}}]},"16":{"loc":{"start":{"line":173,"column":13},"end":{"line":173,"column":25}},"type":"binary-expr","locations":[{"start":{"line":173,"column":13},"end":{"line":173,"column":17}},{"start":{"line":173,"column":21},"end":{"line":173,"column":25}}]},"17":{"loc":{"start":{"line":177,"column":6},"end":{"line":177,"column":null}},"type":"if","locations":[{"start":{"line":177,"column":6},"end":{"line":177,"column":null}}]}},"s":{"0":2,"1":2,"2":2,"3":2,"4":2,"5":0,"6":0,"7":0,"8":0,"9":0,"10":0,"11":0,"12":0,"13":0,"14":0,"15":0,"16":0,"17":0,"18":0,"19":0,"20":0,"21":0,"22":0,"23":0,"24":0,"25":0,"26":0,"27":0,"28":0,"29":0,"30":0,"31":0,"32":0,"33":0,"34":0,"35":0,"36":0,"37":0,"38":0,"39":0,"40":0,"41":0,"42":0,"43":0,"44":0,"45":0,"46":0,"47":0,"48":0,"49":0,"50":0,"51":0,"52":0,"53":0,"54":0,"55":0,"56":0,"57":0,"58":0,"59":0,"60":0,"61":0,"62":0,"63":0,"64":0,"65":0,"66":0,"67":0,"68":0,"69":0,"70":0,"71":0,"72":0,"73":0,"74":0,"75":0,"76":0,"77":0,"78":0,"79":0,"80":0,"81":0,"82":0,"83":0,"84":0,"85":0,"86":0,"87":0,"88":0,"89":0,"90":0,"91":0,"92":0,"93":0,"94":0,"95":0,"96":0,"97":2},"f":{"0":0,"1":0,"2":0,"3":0,"4":0,"5":0,"6":0,"7":0,"8":0,"9":0,"10":0,"11":0,"12":0,"13":0,"14":0,"15":0},"b":{"0":[0],"1":[0],"2":[0],"3":[0],"4":[0],"5":[0],"6":[0],"7":[0],"8":[0,0],"9":[0],"10":[0],"11":[0],"12":[0],"13":[0],"14":[0],"15":[0],"16":[0,0],"17":[0]}}
}
