TN:
SF:src/domains/auth/service/auth.service.impl.ts
FN:18,(anonymous_0)
FN:22,(anonymous_1)
FN:49,(anonymous_2)
FNF:3
FNH:3
FNDA:1,(anonymous_0)
FNDA:2,(anonymous_1)
FNDA:3,(anonymous_2)
DA:1,1
DA:7,1
DA:15,1
DA:17,1
DA:19,1
DA:24,2
DA:27,2
DA:28,2
DA:30,1
DA:33,2
DA:35,1
DA:36,1
DA:37,1
DA:38,1
DA:41,1
DA:43,1
DA:44,1
DA:45,0
DA:50,3
DA:51,3
DA:53,2
DA:54,2
DA:56,1
DA:57,1
DA:59,2
DA:60,2
DA:61,2
DA:62,1
LF:28
LH:27
BRDA:19,0,0,0
BRDA:30,1,0,1
BRDA:33,2,0,1
BRDA:43,3,0,0
BRDA:44,4,0,1
BRDA:54,5,0,1
BRDA:60,6,0,0
BRDA:61,7,0,1
BRF:8
BRH:5
end_of_record
TN:
SF:src/domains/chat/service/chat.service.impl.ts
FN:13,(anonymous_0)
FN:19,(anonymous_1)
FN:39,(anonymous_2)
FN:48,(anonymous_3)
FNF:4
FNH:0
FNDA:0,(anonymous_0)
FNDA:0,(anonymous_1)
FNDA:0,(anonymous_2)
FNDA:0,(anonymous_3)
DA:1,0
DA:4,0
DA:5,0
DA:9,0
DA:11,0
DA:14,0
DA:15,0
DA:16,0
DA:20,0
DA:21,0
DA:22,0
DA:24,0
DA:25,0
DA:27,0
DA:28,0
DA:30,0
DA:32,0
DA:33,0
DA:34,0
DA:40,0
DA:41,0
DA:43,0
DA:44,0
DA:49,0
DA:50,0
DA:51,0
DA:53,0
DA:54,0
DA:55,0
DA:58,0
DA:59,0
DA:60,0
LF:32
LH:0
BRDA:14,0,0,0
BRDA:15,1,0,0
BRDA:16,2,0,0
BRDA:22,3,0,0
BRDA:25,4,0,0
BRDA:28,5,0,0
BRDA:32,6,0,0
BRDA:33,7,0,0
BRDA:51,8,0,0
BRDA:54,9,0,0
BRDA:59,10,0,0
BRF:11
BRH:0
end_of_record
TN:
SF:src/domains/follow/service/follow.service.impl.ts
FN:9,(anonymous_0)
FN:11,(anonymous_1)
FN:25,(anonymous_2)
FN:38,(anonymous_3)
FN:46,(anonymous_4)
FN:54,(anonymous_5)
FN:62,(anonymous_6)
FN:70,(anonymous_7)
FN:73,(anonymous_8)
FN:80,(anonymous_9)
FN:90,(anonymous_10)
FNF:11
FNH:7
FNDA:1,(anonymous_0)
FNDA:4,(anonymous_1)
FNDA:4,(anonymous_2)
FNDA:2,(anonymous_3)
FNDA:2,(anonymous_4)
FNDA:2,(anonymous_5)
FNDA:2,(anonymous_6)
FNDA:0,(anonymous_7)
FNDA:0,(anonymous_8)
FNDA:0,(anonymous_9)
FNDA:0,(anonymous_10)
DA:2,3
DA:3,3
DA:4,3
DA:8,3
DA:9,1
DA:12,4
DA:13,4
DA:14,3
DA:15,2
DA:17,1
DA:20,3
DA:21,1
DA:26,4
DA:27,4
DA:28,3
DA:29,2
DA:31,1
DA:33,3
DA:34,1
DA:39,2
DA:40,2
DA:42,1
DA:47,2
DA:48,2
DA:50,1
DA:55,2
DA:56,2
DA:58,1
DA:63,2
DA:64,2
DA:66,1
DA:71,0
DA:72,0
DA:73,0
DA:74,0
DA:76,0
DA:81,0
DA:82,0
DA:83,0
DA:84,0
DA:86,0
DA:91,0
DA:92,0
DA:94,0
LF:44
LH:31
BRDA:9,0,0,0
BRDA:14,1,0,1
BRDA:15,2,0,1
BRDA:20,3,0,2
BRDA:28,4,0,1
BRDA:29,5,0,1
BRDA:33,6,0,2
BRDA:73,7,0,0
BRDA:73,7,1,0
BRF:9
BRH:6
end_of_record
TN:
SF:src/domains/post/service/post.service.impl.ts
FN:15,(anonymous_0)
FN:21,(anonymous_1)
FN:30,(anonymous_2)
FN:43,(anonymous_3)
FN:57,(anonymous_4)
FN:71,(anonymous_5)
FN:84,(anonymous_6)
FN:92,(anonymous_7)
FN:100,(anonymous_8)
FN:108,(anonymous_9)
FN:139,(anonymous_10)
FN:164,(anonymous_11)
FN:193,(anonymous_12)
FN:213,(anonymous_13)
FN:224,(anonymous_14)
FNF:15
FNH:8
FNDA:1,(anonymous_0)
FNDA:2,(anonymous_1)
FNDA:0,(anonymous_2)
FNDA:4,(anonymous_3)
FNDA:3,(anonymous_4)
FNDA:0,(anonymous_5)
FNDA:2,(anonymous_6)
FNDA:2,(anonymous_7)
FNDA:2,(anonymous_8)
FNDA:4,(anonymous_9)
FNDA:0,(anonymous_10)
FNDA:0,(anonymous_11)
FNDA:0,(anonymous_12)
FNDA:0,(anonymous_13)
FNDA:0,(anonymous_14)
DA:2,1
DA:4,1
DA:5,1
DA:6,1
DA:8,1
DA:9,1
DA:10,1
DA:11,1
DA:14,1
DA:16,1
DA:17,1
DA:18,1
DA:22,2
DA:23,2
DA:24,2
DA:26,1
DA:31,0
DA:32,0
DA:33,0
DA:34,0
DA:36,0
DA:38,0
DA:39,0
DA:44,4
DA:45,4
DA:46,4
DA:47,3
DA:48,2
DA:50,3
DA:51,2
DA:52,1
DA:58,3
DA:59,3
DA:60,2
DA:61,1
DA:64,1
DA:65,1
DA:66,0
DA:70,1
DA:71,0
DA:72,0
DA:74,0
DA:77,1
DA:79,2
DA:80,1
DA:85,2
DA:86,2
DA:88,1
DA:93,2
DA:94,2
DA:96,1
DA:101,2
DA:102,2
DA:104,1
DA:109,4
DA:110,4
DA:113,4
DA:115,3
DA:118,2
DA:119,2
DA:121,2
DA:125,1
DA:127,1
DA:133,3
DA:134,3
DA:140,0
DA:141,0
DA:144,0
DA:146,0
DA:150,0
DA:152,0
DA:158,0
DA:159,0
DA:165,0
DA:166,0
DA:167,0
DA:170,0
DA:173,0
DA:179,0
DA:181,0
DA:187,0
DA:188,0
DA:194,0
DA:196,0
DA:197,0
DA:200,0
DA:201,0
DA:202,0
DA:205,0
DA:206,0
DA:208,0
DA:214,0
DA:215,0
DA:217,0
DA:219,0
DA:220,0
DA:225,0
DA:226,0
DA:227,0
DA:228,0
DA:229,0
DA:231,0
LF:102
LH:54
BRDA:16,0,0,0
BRDA:17,1,0,0
BRDA:18,2,0,0
BRDA:38,3,0,0
BRDA:46,4,0,1
BRDA:47,5,0,1
BRDA:50,6,0,1
BRDA:51,7,0,1
BRDA:60,8,0,1
BRDA:65,9,0,0
BRDA:70,10,0,0
BRDA:70,11,0,1
BRDA:70,11,1,0
BRDA:79,12,0,1
BRDA:125,13,0,1
BRDA:125,13,1,0
BRDA:133,14,0,0
BRDA:150,15,0,0
BRDA:150,15,1,0
BRDA:158,16,0,0
BRDA:167,17,0,0
BRDA:179,18,0,0
BRDA:179,18,1,0
BRDA:187,19,0,0
BRDA:196,20,0,0
BRDA:201,21,0,0
BRDA:219,22,0,0
BRF:27
BRH:8
end_of_record
TN:
SF:src/domains/reaction/services/reaction.service.impl.ts
FN:11,(anonymous_0)
FN:16,(anonymous_1)
FN:39,(anonymous_2)
FN:58,(anonymous_3)
FN:69,(anonymous_4)
FN:80,(anonymous_5)
FN:90,(anonymous_6)
FNF:7
FNH:0
FNDA:0,(anonymous_0)
FNDA:0,(anonymous_1)
FNDA:0,(anonymous_2)
FNDA:0,(anonymous_3)
FNDA:0,(anonymous_4)
FNDA:0,(anonymous_5)
FNDA:0,(anonymous_6)
DA:1,0
DA:2,0
DA:3,0
DA:6,0
DA:9,0
DA:12,0
DA:13,0
DA:18,0
DA:19,0
DA:20,0
DA:21,0
DA:23,0
DA:24,0
DA:25,0
DA:26,0
DA:28,0
DA:31,0
DA:33,0
DA:34,0
DA:35,0
DA:41,0
DA:42,0
DA:44,0
DA:45,0
DA:47,0
DA:50,0
DA:52,0
DA:53,0
DA:54,0
DA:60,0
DA:61,0
DA:63,0
DA:65,0
DA:71,0
DA:72,0
DA:74,0
DA:76,0
DA:82,0
DA:83,0
DA:85,0
DA:86,0
DA:91,0
DA:92,0
DA:93,0
DA:95,0
DA:97,0
DA:98,0
LF:47
LH:0
BRDA:12,0,0,0
BRDA:13,1,0,0
BRDA:21,2,0,0
BRDA:24,3,0,0
BRDA:25,4,0,0
BRDA:26,5,0,0
BRDA:33,6,0,0
BRDA:34,7,0,0
BRDA:44,8,0,0
BRDA:45,9,0,0
BRDA:52,10,0,0
BRDA:53,11,0,0
BRDA:93,12,0,0
BRDA:93,12,1,0
BRDA:97,13,0,0
BRF:15
BRH:0
end_of_record
TN:
SF:src/domains/user/service/user.service.impl.ts
FN:13,(anonymous_0)
FN:18,(anonymous_1)
FN:27,(anonymous_2)
FN:38,(anonymous_3)
FN:50,(anonymous_4)
FN:60,(anonymous_5)
FN:70,(anonymous_6)
FN:83,(anonymous_7)
FN:91,(anonymous_8)
FN:101,(anonymous_9)
FN:110,(anonymous_10)
FN:119,(anonymous_11)
FN:132,(anonymous_12)
FN:144,(anonymous_13)
FN:160,(anonymous_14)
FN:169,(anonymous_15)
FNF:16
FNH:0
FNDA:0,(anonymous_0)
FNDA:0,(anonymous_1)
FNDA:0,(anonymous_2)
FNDA:0,(anonymous_3)
FNDA:0,(anonymous_4)
FNDA:0,(anonymous_5)
FNDA:0,(anonymous_6)
FNDA:0,(anonymous_7)
FNDA:0,(anonymous_8)
FNDA:0,(anonymous_9)
FNDA:0,(anonymous_10)
FNDA:0,(anonymous_11)
FNDA:0,(anonymous_12)
FNDA:0,(anonymous_13)
FNDA:0,(anonymous_14)
FNDA:0,(anonymous_15)
DA:1,2
DA:4,2
DA:7,2
DA:9,2
DA:10,2
DA:12,2
DA:14,0
DA:15,0
DA:19,0
DA:20,0
DA:22,0
DA:23,0
DA:28,0
DA:29,0
DA:30,0
DA:31,0
DA:33,0
DA:34,0
DA:39,0
DA:40,0
DA:41,0
DA:43,0
DA:45,0
DA:46,0
DA:54,0
DA:56,0
DA:57,0
DA:60,0
DA:61,0
DA:64,0
DA:65,0
DA:68,0
DA:71,0
DA:74,0
DA:79,0
DA:84,0
DA:85,0
DA:87,0
DA:92,0
DA:93,0
DA:94,0
DA:96,0
DA:97,0
DA:102,0
DA:103,0
DA:105,0
DA:106,0
DA:111,0
DA:112,0
DA:114,0
DA:115,0
DA:120,0
DA:121,0
DA:122,0
DA:123,0
DA:124,0
DA:125,0
DA:127,0
DA:128,0
DA:133,0
DA:134,0
DA:135,0
DA:136,0
DA:138,0
DA:139,0
DA:140,0
DA:145,0
DA:146,0
DA:147,0
DA:149,0
DA:151,0
DA:154,0
DA:155,0
DA:156,0
DA:161,0
DA:162,0
DA:163,0
DA:165,0
DA:170,0
DA:172,0
DA:173,0
DA:176,0
DA:177,0
DA:178,0
LF:84
LH:6
BRDA:14,0,0,0
BRDA:15,1,0,0
BRDA:22,2,0,0
BRDA:30,3,0,0
BRDA:33,4,0,0
BRDA:41,5,0,0
BRDA:45,6,0,0
BRDA:57,7,0,0
BRDA:71,8,0,0
BRDA:71,8,1,0
BRDA:96,9,0,0
BRDA:105,10,0,0
BRDA:114,11,0,0
BRDA:135,12,0,0
BRDA:139,13,0,0
BRDA:147,14,0,0
BRDA:155,15,0,0
BRDA:173,16,0,0
BRDA:173,16,1,0
BRDA:177,17,0,0
BRF:20
BRH:0
end_of_record
